2026-05-01 16:06:47,661 - INFO - Order Request: BTCUSDT BUY MARKET 0.001 None
2026-05-01 16:06:48,539 - INFO - Order Response: {'orderId': 13096213668, 'symbol': 'BTCUSDT', 'status': 'NEW', 'clientOrderId': 'x-Cb7ytekJc7542ecdfd72e626e3b217', 'price': '0.00', 'avgPrice': '0.00', 'origQty': '0.0010', 'executedQty': '0.0000', 'cumQty': '0.0000', 'cumQuote': '0.000000', 'timeInForce': 'GTC', 'type': 'MARKET', 'reduceOnly': False, 'closePosition': False, 'side': 'BUY', 'positionSide': 'BOTH', 'stopPrice': '0.00', 'workingType': 'CONTRACT_PRICE', 'priceProtect': False, 'origType': 'MARKET', 'priceMatch': 'NONE', 'selfTradePreventionMode': 'EXPIRE_MAKER', 'goodTillDate': 0, 'updateTime': 1777631808466}
2026-05-01 16:10:47,936 - INFO - CLI started successfully
2026-05-01 16:10:48,926 - INFO - Order Request: BTCUSDT BUY MARKET 0.001 None
2026-05-01 16:10:50,263 - INFO - Initial Order Response: {'orderId': 13096222553, 'symbol': 'BTCUSDT', 'status': 'NEW', 'clientOrderId': 'x-Cb7ytekJ75f17a71794001e1e7f15b', 'price': '0.00', 'avgPrice': '0.00', 'origQty': '0.0010', 'executedQty': '0.0000', 'cumQty': '0.0000', 'cumQuote': '0.000000', 'timeInForce': 'GTC', 'type': 'MARKET', 'reduceOnly': False, 'closePosition': False, 'side': 'BUY', 'positionSide': 'BOTH', 'stopPrice': '0.00', 'workingType': 'CONTRACT_PRICE', 'priceProtect': False, 'origType': 'MARKET', 'priceMatch': 'NONE', 'selfTradePreventionMode': 'EXPIRE_MAKER', 'goodTillDate': 0, 'updateTime': 1777632050183}
2026-05-01 16:10:53,003 - INFO - Final Order Status: {'orderId': 13096222553, 'symbol': 'BTCUSDT', 'status': 'FILLED', 'clientOrderId': 'x-Cb7ytekJ75f17a71794001e1e7f15b', 'price': '0.00', 'avgPrice': '77225.500000', 'origQty': '0.0010', 'executedQty': '0.0010', 'cumQuote': '77.225500', 'timeInForce': 'GTC', 'type': 'MARKET', 'reduceOnly': False, 'closePosition': False, 'side': 'BUY', 'positionSide': 'BOTH', 'stopPrice': '0.00', 'workingType': 'CONTRACT_PRICE', 'priceProtect': False, 'origType': 'MARKET', 'priceMatch': 'NONE', 'selfTradePreventionMode': 'EXPIRE_MAKER', 'goodTillDate': 0, 'time': 1777632050183, 'updateTime': 1777632050183}
2026-05-01 16:11:06,212 - INFO - CLI started successfully
2026-05-01 16:11:06,469 - INFO - Order Request: BTCUSDT SELL LIMIT 0.001 10000
2026-05-01 16:11:06,802 - ERROR - Error placing order: APIError(code=-4024): Limit price can't be lower than 73376.51.
2026-05-01 16:11:06,803 - ERROR - CLI Error: APIError(code=-4024): Limit price can't be lower than 73376.51.
2026-05-01 16:14:48,227 - INFO - CLI started successfully
2026-05-01 16:14:48,522 - INFO - Order Request: BTCUSDT BUY MARKET 0.001 None
2026-05-01 16:14:48,986 - INFO - Current Market Price: 77235.8273416
2026-05-01 16:14:49,208 - INFO - Initial Order Response: {'orderId': 13096230948, 'symbol': 'BTCUSDT', 'status': 'NEW', 'clientOrderId': 'x-Cb7ytekJ1ebf0775a6b78663c37f7e', 'price': '0.00', 'avgPrice': '0.00', 'origQty': '0.0010', 'executedQty': '0.0000', 'cumQty': '0.0000', 'cumQuote': '0.000000', 'timeInForce': 'GTC', 'type': 'MARKET', 'reduceOnly': False, 'closePosition': False, 'side': 'BUY', 'positionSide': 'BOTH', 'stopPrice': '0.00', 'workingType': 'CONTRACT_PRICE', 'priceProtect': False, 'origType': 'MARKET', 'priceMatch': 'NONE', 'selfTradePreventionMode': 'EXPIRE_MAKER', 'goodTillDate': 0, 'updateTime': 1777632289129}
2026-05-01 16:14:51,752 - INFO - Final Order Status: {'orderId': 13096230948, 'symbol': 'BTCUSDT', 'status': 'FILLED', 'clientOrderId': 'x-Cb7ytekJ1ebf0775a6b78663c37f7e', 'price': '0.00', 'avgPrice': '77234.700000', 'origQty': '0.0010', 'executedQty': '0.0010', 'cumQuote': '77.234700', 'timeInForce': 'GTC', 'type': 'MARKET', 'reduceOnly': False, 'closePosition': False, 'side': 'BUY', 'positionSide': 'BOTH', 'stopPrice': '0.00', 'workingType': 'CONTRACT_PRICE', 'priceProtect': False, 'origType': 'MARKET', 'priceMatch': 'NONE', 'selfTradePreventionMode': 'EXPIRE_MAKER', 'goodTillDate': 0, 'time': 1777632289129, 'updateTime': 1777632289129}
2026-05-01 16:15:02,942 - INFO - CLI started successfully
2026-05-01 16:15:03,464 - INFO - Order Request: BTCUSDT SELL LIMIT 0.001 78000
2026-05-01 16:15:03,852 - INFO - Current Market Price: 77234.42852877
2026-05-01 16:15:04,127 - INFO - Initial Order Response: {'orderId': 13096231391, 'symbol': 'BTCUSDT', 'status': 'NEW', 'clientOrderId': 'x-Cb7ytekJ61198c3dcfe7ff3d8e991a', 'price': '78000.00', 'avgPrice': '0.00', 'origQty': '0.0010', 'executedQty': '0.0000', 'cumQty': '0.0000', 'cumQuote': '0.000000', 'timeInForce': 'GTC', 'type': 'LIMIT', 'reduceOnly': False, 'closePosition': False, 'side': 'SELL', 'positionSide': 'BOTH', 'stopPrice': '0.00', 'workingType': 'CONTRACT_PRICE', 'priceProtect': False, 'origType': 'LIMIT', 'priceMatch': 'NONE', 'selfTradePreventionMode': 'EXPIRE_MAKER', 'goodTillDate': 0, 'updateTime': 1777632304053}
2026-05-01 16:15:06,312 - INFO - Final Order Status: {'orderId': 13096231391, 'symbol': 'BTCUSDT', 'status': 'NEW', 'clientOrderId': 'x-Cb7ytekJ61198c3dcfe7ff3d8e991a', 'price': '78000.00', 'avgPrice': '0.00', 'origQty': '0.0010', 'executedQty': '0.0000', 'cumQuote': '0.000000', 'timeInForce': 'GTC', 'type': 'LIMIT', 'reduceOnly': False, 'closePosition': False, 'side': 'SELL', 'positionSide': 'BOTH', 'stopPrice': '0.00', 'workingType': 'CONTRACT_PRICE', 'priceProtect': False, 'origType': 'LIMIT', 'priceMatch': 'NONE', 'selfTradePreventionMode': 'EXPIRE_MAKER', 'goodTillDate': 0, 'time': 1777632304053, 'updateTime': 1777632304053}
2026-05-01 16:16:34,178 - INFO - CLI started successfully
2026-05-01 16:16:34,936 - INFO - Order Request: BTCUSDT SELL LIMIT 0.001 76000
2026-05-01 16:16:35,479 - INFO - Current Market Price: 77239.79290767
2026-05-01 16:16:35,736 - INFO - Initial Order Response: {'orderId': 13096234607, 'symbol': 'BTCUSDT', 'status': 'NEW', 'clientOrderId': 'x-Cb7ytekJ121a4374a18b57c1866b5b', 'price': '76000.00', 'avgPrice': '0.00', 'origQty': '0.0010', 'executedQty': '0.0000', 'cumQty': '0.0000', 'cumQuote': '0.000000', 'timeInForce': 'GTC', 'type': 'LIMIT', 'reduceOnly': False, 'closePosition': False, 'side': 'SELL', 'positionSide': 'BOTH', 'stopPrice': '0.00', 'workingType': 'CONTRACT_PRICE', 'priceProtect': False, 'origType': 'LIMIT', 'priceMatch': 'NONE', 'selfTradePreventionMode': 'EXPIRE_MAKER', 'goodTillDate': 0, 'updateTime': 1777632395628}
2026-05-01 16:16:38,237 - INFO - Final Order Status: {'orderId': 13096234607, 'symbol': 'BTCUSDT', 'status': 'FILLED', 'clientOrderId': 'x-Cb7ytekJ121a4374a18b57c1866b5b', 'price': '76000.00', 'avgPrice': '77225.300000', 'origQty': '0.0010', 'executedQty': '0.0010', 'cumQuote': '77.225300', 'timeInForce': 'GTC', 'type': 'LIMIT', 'reduceOnly': False, 'closePosition': False, 'side': 'SELL', 'positionSide': 'BOTH', 'stopPrice': '0.00', 'workingType': 'CONTRACT_PRICE', 'priceProtect': False, 'origType': 'LIMIT', 'priceMatch': 'NONE', 'selfTradePreventionMode': 'EXPIRE_MAKER', 'goodTillDate': 0, 'time': 1777632395628, 'updateTime': 1777632395628}
2026-05-01 16:26:50,045 - INFO - CLI started
2026-05-01 16:26:50,402 - INFO - Order Request: BTCUSDT BUY MARKET 0.001 None
2026-05-01 16:26:50,847 - INFO - Market Price: 77250.71667262
2026-05-01 16:26:51,022 - INFO - Initial Order Response: {'orderId': 13096255406, 'symbol': 'BTCUSDT', 'status': 'NEW', 'clientOrderId': 'x-Cb7ytekJ3a65d8cf95c85decbe09a6', 'price': '0.00', 'avgPrice': '0.00', 'origQty': '0.0010', 'executedQty': '0.0000', 'cumQty': '0.0000', 'cumQuote': '0.000000', 'timeInForce': 'GTC', 'type': 'MARKET', 'reduceOnly': False, 'closePosition': False, 'side': 'BUY', 'positionSide': 'BOTH', 'stopPrice': '0.00', 'workingType': 'CONTRACT_PRICE', 'priceProtect': False, 'origType': 'MARKET', 'priceMatch': 'NONE', 'selfTradePreventionMode': 'EXPIRE_MAKER', 'goodTillDate': 0, 'updateTime': 1777633010935}
2026-05-01 16:26:53,258 - INFO - Final Order Status: {'orderId': 13096255406, 'symbol': 'BTCUSDT', 'status': 'FILLED', 'clientOrderId': 'x-Cb7ytekJ3a65d8cf95c85decbe09a6', 'price': '0.00', 'avgPrice': '77233.400000', 'origQty': '0.0010', 'executedQty': '0.0010', 'cumQuote': '77.233400', 'timeInForce': 'GTC', 'type': 'MARKET', 'reduceOnly': False, 'closePosition': False, 'side': 'BUY', 'positionSide': 'BOTH', 'stopPrice': '0.00', 'workingType': 'CONTRACT_PRICE', 'priceProtect': False, 'origType': 'MARKET', 'priceMatch': 'NONE', 'selfTradePreventionMode': 'EXPIRE_MAKER', 'goodTillDate': 0, 'time': 1777633010935, 'updateTime': 1777633010935}
2026-05-01 16:27:12,097 - INFO - CLI started
2026-05-01 16:27:12,449 - INFO - Order Request: BTCUSDT SELL LIMIT 0.001 78000
2026-05-01 16:27:12,771 - INFO - Market Price: 77255.2228059
2026-05-01 16:27:13,021 - INFO - Initial Order Response: {'orderId': 13096256110, 'symbol': 'BTCUSDT', 'status': 'NEW', 'clientOrderId': 'x-Cb7ytekJ316f6a5de6e18e3a2aeddf', 'price': '78000.00', 'avgPrice': '0.00', 'origQty': '0.0010', 'executedQty': '0.0000', 'cumQty': '0.0000', 'cumQuote': '0.000000', 'timeInForce': 'GTC', 'type': 'LIMIT', 'reduceOnly': False, 'closePosition': False, 'side': 'SELL', 'positionSide': 'BOTH', 'stopPrice': '0.00', 'workingType': 'CONTRACT_PRICE', 'priceProtect': False, 'origType': 'LIMIT', 'priceMatch': 'NONE', 'selfTradePreventionMode': 'EXPIRE_MAKER', 'goodTillDate': 0, 'updateTime': 1777633032863}
2026-05-01 16:27:15,375 - INFO - Final Order Status: {'orderId': 13096256110, 'symbol': 'BTCUSDT', 'status': 'NEW', 'clientOrderId': 'x-Cb7ytekJ316f6a5de6e18e3a2aeddf', 'price': '78000.00', 'avgPrice': '0.00', 'origQty': '0.0010', 'executedQty': '0.0000', 'cumQuote': '0.000000', 'timeInForce': 'GTC', 'type': 'LIMIT', 'reduceOnly': False, 'closePosition': False, 'side': 'SELL', 'positionSide': 'BOTH', 'stopPrice': '0.00', 'workingType': 'CONTRACT_PRICE', 'priceProtect': False, 'origType': 'LIMIT', 'priceMatch': 'NONE', 'selfTradePreventionMode': 'EXPIRE_MAKER', 'goodTillDate': 0, 'time': 1777633032863, 'updateTime': 1777633032863}
2026-05-01 16:27:35,992 - INFO - CLI started
2026-05-01 16:27:36,261 - INFO - Order Request: BTCUSDT SELL STOP_MARKET 0.001 76000
2026-05-01 16:27:36,673 - INFO - Market Price: 77255.09775666
2026-05-01 16:27:36,870 - ERROR - Order Error: APIError(code=-4164): Order's notional must be no smaller than 100 (unless you choose reduce only).
2026-05-01 16:27:36,870 - ERROR - CLI Error: APIError(code=-4164): Order's notional must be no smaller than 100 (unless you choose reduce only).
2026-05-01 16:28:46,059 - INFO - CLI started
2026-05-01 16:28:48,302 - INFO - Order Request: BTCUSDT SELL STOP_MARKET 0.002 76000
2026-05-01 16:28:48,820 - INFO - Market Price: 77253.90884944
2026-05-01 16:28:49,112 - INFO - Initial Order Response: {'algoId': 1000000062934310, 'clientAlgoId': 'x-Cb7ytekJf908e75a4ad5b9e799d5ae', 'algoType': 'CONDITIONAL', 'orderType': 'STOP_MARKET', 'symbol': 'BTCUSDT', 'side': 'SELL', 'positionSide': 'BOTH', 'timeInForce': 'GTC', 'quantity': '0.0020', 'algoStatus': 'NEW', 'triggerPrice': '76000.00', 'price': '0.00', 'icebergQuantity': None, 'selfTradePreventionMode': 'EXPIRE_MAKER', 'workingType': 'CONTRACT_PRICE', 'priceMatch': 'NONE', 'closePosition': False, 'priceProtect': False, 'reduceOnly': False, 'createTime': 1777633129017, 'updateTime': 1777633129017, 'triggerTime': 0, 'goodTillDate': 0}
2026-05-01 16:28:51,113 - ERROR - Order Error: 'orderId'
2026-05-01 16:28:51,113 - ERROR - CLI Error: 'orderId'
2026-05-01 16:30:14,235 - INFO - CLI started
2026-05-01 16:30:14,742 - INFO - Order Request: BTCUSDT SELL STOP_MARKET 0.002 76000
2026-05-01 16:30:15,169 - INFO - Market Price: 77292.51154809
2026-05-01 16:30:15,499 - INFO - Initial Order Response: {'algoId': 1000000062935246, 'clientAlgoId': 'x-Cb7ytekJ3a6607b2fcc79bbe7cdf24', 'algoType': 'CONDITIONAL', 'orderType': 'STOP_MARKET', 'symbol': 'BTCUSDT', 'side': 'SELL', 'positionSide': 'BOTH', 'timeInForce': 'GTC', 'quantity': '0.0020', 'algoStatus': 'NEW', 'triggerPrice': '76000.00', 'price': '0.00', 'icebergQuantity': None, 'selfTradePreventionMode': 'EXPIRE_MAKER', 'workingType': 'CONTRACT_PRICE', 'priceMatch': 'NONE', 'closePosition': False, 'priceProtect': False, 'reduceOnly': False, 'createTime': 1777633215286, 'updateTime': 1777633215288, 'triggerTime': 0, 'goodTillDate': 0}
2026-05-01 16:30:17,501 - ERROR - Order Error: 'orderId'
2026-05-01 16:30:17,501 - ERROR - CLI Error: 'orderId'
2026-05-01 16:30:25,520 - INFO - CLI started
2026-05-01 16:30:25,866 - INFO - Order Request: BTCUSDT SELL STOP_MARKET 0.002 76000
2026-05-01 16:30:26,301 - INFO - Market Price: 77293.12817584
2026-05-01 16:30:26,557 - INFO - Initial Order Response: {'algoId': 1000000062935360, 'clientAlgoId': 'x-Cb7ytekJ96aee33cee30efe4b90047', 'algoType': 'CONDITIONAL', 'orderType': 'STOP_MARKET', 'symbol': 'BTCUSDT', 'side': 'SELL', 'positionSide': 'BOTH', 'timeInForce': 'GTC', 'quantity': '0.0020', 'algoStatus': 'NEW', 'triggerPrice': '76000.00', 'price': '0.00', 'icebergQuantity': None, 'selfTradePreventionMode': 'EXPIRE_MAKER', 'workingType': 'CONTRACT_PRICE', 'priceMatch': 'NONE', 'closePosition': False, 'priceProtect': False, 'reduceOnly': False, 'createTime': 1777633226415, 'updateTime': 1777633226420, 'triggerTime': 0, 'goodTillDate': 0}
2026-05-01 16:30:28,563 - ERROR - Order Error: 'orderId'
2026-05-01 16:30:28,563 - ERROR - CLI Error: 'orderId'
2026-05-01 16:31:55,826 - INFO - CLI started
2026-05-01 16:32:25,832 - ERROR - CLI Error: HTTPSConnectionPool(host='api.binance.com', port=443): Max retries exceeded with url: /api/v3/ping (Caused by NameResolutionError("HTTPSConnection(host='api.binance.com', port=443): Failed to resolve 'api.binance.com' ([Errno 8] nodename nor servname provided, or not known)"))
2026-05-01 16:46:27,131 - INFO - CLI started
2026-05-01 16:46:33,828 - INFO - Order Request: BTCUSDT SELL STOP_MARKET 0.002 76000
2026-05-01 16:46:40,241 - INFO - Market Price: 77334.60843985
2026-05-01 16:46:41,245 - INFO - Initial Order Response: {'algoId': 1000000062945998, 'clientAlgoId': 'x-Cb7ytekJ51e507db4acd4985a91d44', 'algoType': 'CONDITIONAL', 'orderType': 'STOP_MARKET', 'symbol': 'BTCUSDT', 'side': 'SELL', 'positionSide': 'BOTH', 'timeInForce': 'GTC', 'quantity': '0.0020', 'algoStatus': 'NEW', 'triggerPrice': '76000.00', 'price': '0.00', 'icebergQuantity': None, 'selfTradePreventionMode': 'EXPIRE_MAKER', 'workingType': 'CONTRACT_PRICE', 'priceMatch': 'NONE', 'closePosition': False, 'priceProtect': False, 'reduceOnly': False, 'createTime': 1777634201150, 'updateTime': 1777634201150, 'triggerTime': 0, 'goodTillDate': 0}
2026-05-01 16:46:43,246 - ERROR - Order Error: 'orderId'
2026-05-01 16:46:43,246 - ERROR - CLI Error: 'orderId'
2026-05-01 16:48:28,029 - INFO - CLI started
2026-05-01 16:48:39,065 - INFO - Order Request: BTCUSDT BUY STOP_MARKET 0.002 78000
2026-05-01 16:48:45,246 - INFO - Market Price: 77382.93609962
2026-05-01 16:48:47,237 - INFO - Raw Order Response: {'algoId': 1000000062947515, 'clientAlgoId': 'x-Cb7ytekJ2daebe03c5f051cb421912', 'algoType': 'CONDITIONAL', 'orderType': 'STOP_MARKET', 'symbol': 'BTCUSDT', 'side': 'BUY', 'positionSide': 'BOTH', 'timeInForce': 'GTC', 'quantity': '0.0020', 'algoStatus': 'NEW', 'triggerPrice': '78000.00', 'price': '0.00', 'icebergQuantity': None, 'selfTradePreventionMode': 'EXPIRE_MAKER', 'workingType': 'CONTRACT_PRICE', 'priceMatch': 'NONE', 'closePosition': False, 'priceProtect': False, 'reduceOnly': False, 'createTime': 1777634327167, 'updateTime': 1777634327168, 'triggerTime': 0, 'goodTillDate': 0}
2026-05-01 16:48:47,237 - ERROR - Order Error: Invalid API Response: {'algoId': 1000000062947515, 'clientAlgoId': 'x-Cb7ytekJ2daebe03c5f051cb421912', 'algoType': 'CONDITIONAL', 'orderType': 'STOP_MARKET', 'symbol': 'BTCUSDT', 'side': 'BUY', 'positionSide': 'BOTH', 'timeInForce': 'GTC', 'quantity': '0.0020', 'algoStatus': 'NEW', 'triggerPrice': '78000.00', 'price': '0.00', 'icebergQuantity': None, 'selfTradePreventionMode': 'EXPIRE_MAKER', 'workingType': 'CONTRACT_PRICE', 'priceMatch': 'NONE', 'closePosition': False, 'priceProtect': False, 'reduceOnly': False, 'createTime': 1777634327167, 'updateTime': 1777634327168, 'triggerTime': 0, 'goodTillDate': 0}
2026-05-01 16:48:47,237 - ERROR - CLI Error: Invalid API Response: {'algoId': 1000000062947515, 'clientAlgoId': 'x-Cb7ytekJ2daebe03c5f051cb421912', 'algoType': 'CONDITIONAL', 'orderType': 'STOP_MARKET', 'symbol': 'BTCUSDT', 'side': 'BUY', 'positionSide': 'BOTH', 'timeInForce': 'GTC', 'quantity': '0.0020', 'algoStatus': 'NEW', 'triggerPrice': '78000.00', 'price': '0.00', 'icebergQuantity': None, 'selfTradePreventionMode': 'EXPIRE_MAKER', 'workingType': 'CONTRACT_PRICE', 'priceMatch': 'NONE', 'closePosition': False, 'priceProtect': False, 'reduceOnly': False, 'createTime': 1777634327167, 'updateTime': 1777634327168, 'triggerTime': 0, 'goodTillDate': 0}
2026-05-01 17:02:33,658 - INFO - CLI started
2026-05-01 17:02:34,171 - INFO - Order Request: BTCUSDT BUY STOP_MARKET 0.002 78000
2026-05-01 17:02:34,685 - INFO - Market Price: 77384.77971839
2026-05-01 17:02:34,898 - INFO - Raw Order Response: {'algoId': 1000000062956631, 'clientAlgoId': 'x-Cb7ytekJ90f3e69617ade9358d30fa', 'algoType': 'CONDITIONAL', 'orderType': 'STOP_MARKET', 'symbol': 'BTCUSDT', 'side': 'BUY', 'positionSide': 'BOTH', 'timeInForce': 'GTC', 'quantity': '0.0020', 'algoStatus': 'NEW', 'triggerPrice': '78000.00', 'price': '0.00', 'icebergQuantity': None, 'selfTradePreventionMode': 'EXPIRE_MAKER', 'workingType': 'CONTRACT_PRICE', 'priceMatch': 'NONE', 'closePosition': False, 'priceProtect': False, 'reduceOnly': False, 'createTime': 1777635154849, 'updateTime': 1777635154849, 'triggerTime': 0, 'goodTillDate': 0}
2026-05-01 17:02:34,898 - ERROR - Order Error: Invalid API Response: {'algoId': 1000000062956631, 'clientAlgoId': 'x-Cb7ytekJ90f3e69617ade9358d30fa', 'algoType': 'CONDITIONAL', 'orderType': 'STOP_MARKET', 'symbol': 'BTCUSDT', 'side': 'BUY', 'positionSide': 'BOTH', 'timeInForce': 'GTC', 'quantity': '0.0020', 'algoStatus': 'NEW', 'triggerPrice': '78000.00', 'price': '0.00', 'icebergQuantity': None, 'selfTradePreventionMode': 'EXPIRE_MAKER', 'workingType': 'CONTRACT_PRICE', 'priceMatch': 'NONE', 'closePosition': False, 'priceProtect': False, 'reduceOnly': False, 'createTime': 1777635154849, 'updateTime': 1777635154849, 'triggerTime': 0, 'goodTillDate': 0}
2026-05-01 17:02:34,898 - ERROR - CLI Error: Invalid API Response: {'algoId': 1000000062956631, 'clientAlgoId': 'x-Cb7ytekJ90f3e69617ade9358d30fa', 'algoType': 'CONDITIONAL', 'orderType': 'STOP_MARKET', 'symbol': 'BTCUSDT', 'side': 'BUY', 'positionSide': 'BOTH', 'timeInForce': 'GTC', 'quantity': '0.0020', 'algoStatus': 'NEW', 'triggerPrice': '78000.00', 'price': '0.00', 'icebergQuantity': None, 'selfTradePreventionMode': 'EXPIRE_MAKER', 'workingType': 'CONTRACT_PRICE', 'priceMatch': 'NONE', 'closePosition': False, 'priceProtect': False, 'reduceOnly': False, 'createTime': 1777635154849, 'updateTime': 1777635154849, 'triggerTime': 0, 'goodTillDate': 0}
2026-05-01 17:07:41,836 - INFO - CLI started
2026-05-01 17:07:42,377 - INFO - Order Request: BTCUSDT BUY MARKET 0.001 None
2026-05-01 17:07:42,899 - INFO - Market Price: 77349.0667882
2026-05-01 17:07:43,074 - INFO - Raw Response: {'orderId': 13096343956, 'symbol': 'BTCUSDT', 'status': 'NEW', 'clientOrderId': 'x-Cb7ytekJc82267f15fcb60e7452655', 'price': '0.00', 'avgPrice': '0.00', 'origQty': '0.0010', 'executedQty': '0.0000', 'cumQty': '0.0000', 'cumQuote': '0.000000', 'timeInForce': 'GTC', 'type': 'MARKET', 'reduceOnly': False, 'closePosition': False, 'side': 'BUY', 'positionSide': 'BOTH', 'stopPrice': '0.00', 'workingType': 'CONTRACT_PRICE', 'priceProtect': False, 'origType': 'MARKET', 'priceMatch': 'NONE', 'selfTradePreventionMode': 'EXPIRE_MAKER', 'goodTillDate': 0, 'updateTime': 1777635463027}
2026-05-01 17:08:02,942 - INFO - CLI started
2026-05-01 17:08:02,943 - ERROR - CLI Error: Order value too small (~78.00 USDT). Minimum is 100 USDT. Increase quantity.
2026-05-01 17:09:26,383 - INFO - CLI started
2026-05-01 17:09:26,383 - ERROR - CLI Error: Order value too small (~76.00 USDT). Minimum is 100 USDT. Increase quantity.
2026-05-01 17:10:02,579 - INFO - CLI started
2026-05-01 17:10:03,449 - INFO - Order Request: BTCUSDT SELL STOP_MARKET 0.002 76000
2026-05-01 17:10:04,061 - INFO - Market Price: 77353.57267695
2026-05-01 17:10:04,303 - INFO - Raw Response: {'algoId': 1000000062961093, 'clientAlgoId': 'x-Cb7ytekJa2e97b344010eeb6e909b0', 'algoType': 'CONDITIONAL', 'orderType': 'STOP_MARKET', 'symbol': 'BTCUSDT', 'side': 'SELL', 'positionSide': 'BOTH', 'timeInForce': 'GTC', 'quantity': '0.0020', 'algoStatus': 'NEW', 'triggerPrice': '76000.00', 'price': '0.00', 'icebergQuantity': None, 'selfTradePreventionMode': 'EXPIRE_MAKER', 'workingType': 'CONTRACT_PRICE', 'priceMatch': 'NONE', 'closePosition': False, 'priceProtect': False, 'reduceOnly': False, 'createTime': 1777635604231, 'updateTime': 1777635604232, 'triggerTime': 0, 'goodTillDate': 0}
2026-05-01 17:10:27,788 - INFO - CLI started
2026-05-01 17:10:28,266 - INFO - Order Request: BTCUSDT BUY STOP_MARKET 0.002 78000
2026-05-01 17:10:28,591 - INFO - Market Price: 77356.79279599
2026-05-01 17:10:28,833 - INFO - Raw Response: {'algoId': 1000000062961325, 'clientAlgoId': 'x-Cb7ytekJ3c9bd7293af96df8a39704', 'algoType': 'CONDITIONAL', 'orderType': 'STOP_MARKET', 'symbol': 'BTCUSDT', 'side': 'BUY', 'positionSide': 'BOTH', 'timeInForce': 'GTC', 'quantity': '0.0020', 'algoStatus': 'NEW', 'triggerPrice': '78000.00', 'price': '0.00', 'icebergQuantity': None, 'selfTradePreventionMode': 'EXPIRE_MAKER', 'workingType': 'CONTRACT_PRICE', 'priceMatch': 'NONE', 'closePosition': False, 'priceProtect': False, 'reduceOnly': False, 'createTime': 1777635628761, 'updateTime': 1777635628761, 'triggerTime': 0, 'goodTillDate': 0}
2026-05-01 17:13:01,292 - INFO - CLI started
2026-05-01 17:13:01,824 - INFO - Order Request: BTCUSDT BUY STOP_MARKET 0.002 78000
2026-05-01 17:13:02,364 - INFO - Market Price: 77361.94962387
2026-05-01 17:13:02,586 - INFO - Raw Response: {'algoId': 1000000062962873, 'clientAlgoId': 'x-Cb7ytekJc0941ccfb8834aeff97f23', 'algoType': 'CONDITIONAL', 'orderType': 'STOP_MARKET', 'symbol': 'BTCUSDT', 'side': 'BUY', 'positionSide': 'BOTH', 'timeInForce': 'GTC', 'quantity': '0.0020', 'algoStatus': 'NEW', 'triggerPrice': '78000.00', 'price': '0.00', 'icebergQuantity': None, 'selfTradePreventionMode': 'EXPIRE_MAKER', 'workingType': 'CONTRACT_PRICE', 'priceMatch': 'NONE', 'closePosition': False, 'priceProtect': False, 'reduceOnly': False, 'createTime': 1777635782529, 'updateTime': 1777635782533, 'triggerTime': 0, 'goodTillDate': 0}
2026-05-01 17:13:13,727 - INFO - CLI started
2026-05-01 17:13:13,995 - INFO - Order Request: BTCUSDT SELL STOP_MARKET 0.002 76000
2026-05-01 17:13:14,344 - INFO - Market Price: 77361.85218026
2026-05-01 17:13:14,583 - INFO - Raw Response: {'algoId': 1000000062962995, 'clientAlgoId': 'x-Cb7ytekJa526fd28797791dc01ba6d', 'algoType': 'CONDITIONAL', 'orderType': 'STOP_MARKET', 'symbol': 'BTCUSDT', 'side': 'SELL', 'positionSide': 'BOTH', 'timeInForce': 'GTC', 'quantity': '0.0020', 'algoStatus': 'NEW', 'triggerPrice': '76000.00', 'price': '0.00', 'icebergQuantity': None, 'selfTradePreventionMode': 'EXPIRE_MAKER', 'workingType': 'CONTRACT_PRICE', 'priceMatch': 'NONE', 'closePosition': False, 'priceProtect': False, 'reduceOnly': False, 'createTime': 1777635794511, 'updateTime': 1777635794512, 'triggerTime': 0, 'goodTillDate': 0}
2026-05-01 17:13:26,917 - INFO - CLI started
2026-05-01 17:13:27,725 - INFO - Order Request: BTCUSDT BUY MARKET 0.001 None
2026-05-01 17:13:28,030 - INFO - Market Price: 77365.52534063
2026-05-01 17:13:28,204 - INFO - Raw Response: {'orderId': 13096355789, 'symbol': 'BTCUSDT', 'status': 'NEW', 'clientOrderId': 'x-Cb7ytekJ9f5373778777e339cf6574', 'price': '0.00', 'avgPrice': '0.00', 'origQty': '0.0010', 'executedQty': '0.0000', 'cumQty': '0.0000', 'cumQuote': '0.000000', 'timeInForce': 'GTC', 'type': 'MARKET', 'reduceOnly': False, 'closePosition': False, 'side': 'BUY', 'positionSide': 'BOTH', 'stopPrice': '0.00', 'workingType': 'CONTRACT_PRICE', 'priceProtect': False, 'origType': 'MARKET', 'priceMatch': 'NONE', 'selfTradePreventionMode': 'EXPIRE_MAKER', 'goodTillDate': 0, 'updateTime': 1777635808161}
2026-05-01 17:17:52,829 - INFO - CLI started
2026-05-01 17:17:53,500 - INFO - Order Request: BTCUSDT BUY MARKET 0.001 None
2026-05-01 17:17:54,052 - INFO - Market Price: 77376.45345427
2026-05-01 17:17:54,261 - INFO - Raw Response: {'orderId': 13096365194, 'symbol': 'BTCUSDT', 'status': 'NEW', 'clientOrderId': 'x-Cb7ytekJ28fb18877549bc5d490a13', 'price': '0.00', 'avgPrice': '0.00', 'origQty': '0.0010', 'executedQty': '0.0000', 'cumQty': '0.0000', 'cumQuote': '0.000000', 'timeInForce': 'GTC', 'type': 'MARKET', 'reduceOnly': False, 'closePosition': False, 'side': 'BUY', 'positionSide': 'BOTH', 'stopPrice': '0.00', 'workingType': 'CONTRACT_PRICE', 'priceProtect': False, 'origType': 'MARKET', 'priceMatch': 'NONE', 'selfTradePreventionMode': 'EXPIRE_MAKER', 'goodTillDate': 0, 'updateTime': 1777636074183}
2026-05-01 17:17:56,527 - INFO - Final Order Status: {'orderId': 13096365194, 'symbol': 'BTCUSDT', 'status': 'FILLED', 'clientOrderId': 'x-Cb7ytekJ28fb18877549bc5d490a13', 'price': '0.00', 'avgPrice': '77366.100000', 'origQty': '0.0010', 'executedQty': '0.0010', 'cumQuote': '77.366100', 'timeInForce': 'GTC', 'type': 'MARKET', 'reduceOnly': False, 'closePosition': False, 'side': 'BUY', 'positionSide': 'BOTH', 'stopPrice': '0.00', 'workingType': 'CONTRACT_PRICE', 'priceProtect': False, 'origType': 'MARKET', 'priceMatch': 'NONE', 'selfTradePreventionMode': 'EXPIRE_MAKER', 'goodTillDate': 0, 'time': 1777636074183, 'updateTime': 1777636074183}
2026-05-01 17:18:24,621 - INFO - CLI started
2026-05-01 17:18:24,622 - ERROR - CLI Error: Order value too small (~78.00 USDT). Minimum is 100 USDT. Increase quantity.
2026-05-01 17:18:48,916 - INFO - CLI started
2026-05-01 17:18:48,916 - ERROR - CLI Error: Order value too small (~76.00 USDT). Minimum is 100 USDT. Increase quantity.
2026-05-01 17:19:15,981 - INFO - CLI started
2026-05-01 17:19:19,731 - INFO - Order Request: BTCUSDT SELL STOP_MARKET 0.002 76000
2026-05-01 17:19:20,250 - INFO - Market Price: 77335.66800288
2026-05-01 17:19:20,486 - INFO - Raw Response: {'algoId': 1000000062966684, 'clientAlgoId': 'x-Cb7ytekJ3249554777eb0a3efd6beb', 'algoType': 'CONDITIONAL', 'orderType': 'STOP_MARKET', 'symbol': 'BTCUSDT', 'side': 'SELL', 'positionSide': 'BOTH', 'timeInForce': 'GTC', 'quantity': '0.0020', 'algoStatus': 'NEW', 'triggerPrice': '76000.00', 'price': '0.00', 'icebergQuantity': None, 'selfTradePreventionMode': 'EXPIRE_MAKER', 'workingType': 'CONTRACT_PRICE', 'priceMatch': 'NONE', 'closePosition': False, 'priceProtect': False, 'reduceOnly': False, 'createTime': 1777636160373, 'updateTime': 1777636160395, 'triggerTime': 0, 'goodTillDate': 0}
2026-05-01 17:19:20,486 - INFO - STOP order created successfully
2026-05-01 17:19:53,002 - INFO - CLI started
2026-05-01 17:19:53,452 - INFO - Order Request: BTCUSDT BUY STOP_MARKET 0.002 78000
2026-05-01 17:19:53,738 - INFO - Market Price: 77340.92680696
2026-05-01 17:19:53,935 - INFO - Raw Response: {'algoId': 1000000062967027, 'clientAlgoId': 'x-Cb7ytekJ6a13fba086568eb96483b6', 'algoType': 'CONDITIONAL', 'orderType': 'STOP_MARKET', 'symbol': 'BTCUSDT', 'side': 'BUY', 'positionSide': 'BOTH', 'timeInForce': 'GTC', 'quantity': '0.0020', 'algoStatus': 'NEW', 'triggerPrice': '78000.00', 'price': '0.00', 'icebergQuantity': None, 'selfTradePreventionMode': 'EXPIRE_MAKER', 'workingType': 'CONTRACT_PRICE', 'priceMatch': 'NONE', 'closePosition': False, 'priceProtect': False, 'reduceOnly': False, 'createTime': 1777636193855, 'updateTime': 1777636193868, 'triggerTime': 0, 'goodTillDate': 0}
2026-05-01 17:19:53,935 - INFO - STOP order created successfully
